<?xml version="1.0" encoding="UTF-8"?>
<testsuite name="OOTBTesting.OOTBRegression" tests="8" failures="1" errors="0" time="2.29"><properties>
[...]
</properties><testcase name="OOTB_Reg_TC_01" time="0.901"/><testcase name="OOTB_Reg_TC_02" time="0.265"/><testcase name="OOTB_Reg_TC_03" time="0.128"/><testcase name="OOTB_Reg_TC_04" time="0.109"/><testcase name="OOTB_Reg_TC_05" time="0.058"/><testcase name="OOTB_Reg_TC_06" time="0.057"/><testcase name="OOTB_Reg_TC_07" time="0.029"><failure type="Cancelling due to failed test step" message="Cancelling due to failed test step"><![CDATA[<h3><b>GetParty Failed</b></h3><pre>[XPath Match] XPathContains comparison failed for path [declare namespace ns1='http://www.ibm.com/mdm/schema';
//ns1:ResultCode], expecting [SUCCESS], actual was [FATAL]
</pre><hr/>]]></failure></testcase><testcase name="OOTB_Reg_TC_08" time="0.743"/></testsuite>